==1449== Memcheck, a memory error detector
==1449== Copyright (C) 2002-2012, and GNU GPL'd, by Julian Seward et al.
==1449== Using Valgrind-3.8.0 and LibVEX; rerun with -h for copyright info
==1449== Command: root -l skimTreesPAFullInfoNewForest.C+
==1449== Parent PID: 1115
==1449== 
--1449-- 
--1449-- Valgrind options:
--1449--    -v
--1449--    --suppressions=/cvmfs/cms.cern.ch/slc6_amd64_gcc472/lcg/root/5.32.00-cms/etc/valgrind-root.supp
--1449--    --tool=memcheck
--1449--    --log-file=valgrind-root.output
--1449--    --leak-check=full
--1449--    --show-reachable=yes
--1449--    --track-origins=yes
--1449-- Contents of /proc/version:
--1449--   Linux version 2.6.32-220.2.1.el6.x86_64 (mockbuild@c6-x8664-build.centos.org) (gcc version 4.4.6 20110731 (Red Hat 4.4.6-3) (GCC) ) #1 SMP Fri Dec 23 02:21:33 CST 2011
--1449-- Arch and hwcaps: AMD64, amd64-sse3-cx16
--1449-- Page sizes: currently 4096, max supported 4096
--1449-- Valgrind library directory: /cvmfs/cms.cern.ch/slc6_amd64_gcc472/external/valgrind/3.8.0-cms/lib/valgrind
--1449-- Reading syms from /cvmfs/cms.cern.ch/slc6_amd64_gcc472/lcg/root/5.32.00-cms/bin/root
--1449-- Reading syms from /cvmfs/cms.cern.ch/slc6_amd64_gcc472/external/valgrind/3.8.0-cms/lib/valgrind/memcheck-amd64-linux
--1449--    object doesn't have a symbol table
--1449--    object doesn't have a dynamic symbol table
--1449-- Reading syms from /lib64/ld-2.12.so
--1449-- Scheduler: using generic scheduler lock implementation.
--1449-- Reading suppressions file: /cvmfs/cms.cern.ch/slc6_amd64_gcc472/lcg/root/5.32.00-cms/etc/valgrind-root.supp
--1449-- Reading suppressions file: /cvmfs/cms.cern.ch/slc6_amd64_gcc472/external/valgrind/3.8.0-cms/lib/valgrind/default.supp
==1449== embedded gdbserver: reading from /tmp/vgdb-pipe-from-vgdb-to-1449-by-xuq7-on-vmps65
==1449== embedded gdbserver: writing to   /tmp/vgdb-pipe-to-vgdb-from-1449-by-xuq7-on-vmps65
==1449== embedded gdbserver: shared mem   /tmp/vgdb-pipe-shared-mem-vgdb-1449-by-xuq7-on-vmps65
==1449== 
==1449== TO CONTROL THIS PROCESS USING vgdb (which you probably
==1449== don't want to do, unless you know exactly what you're doing,
==1449== or are doing some strange experiment):
==1449==   /cvmfs/cms.cern.ch/slc6_amd64_gcc472/external/valgrind/3.8.0-cms/lib/valgrind/../../bin/vgdb --pid=1449 ...command...
==1449== 
==1449== TO DEBUG THIS PROCESS USING GDB: start GDB like this
==1449==   /path/to/gdb root
==1449== and then give GDB the following command
==1449==   target remote | /cvmfs/cms.cern.ch/slc6_amd64_gcc472/external/valgrind/3.8.0-cms/lib/valgrind/../../bin/vgdb --pid=1449
==1449== --pid is optional if only one valgrind process is running
==1449== 
--1449-- REDIR: 0x35ab2176d0 (strlen) redirected to 0x3806c371 (???)
--1449-- Reading syms from /cvmfs/cms.cern.ch/slc6_amd64_gcc472/external/valgrind/3.8.0-cms/lib/valgrind/vgpreload_core-amd64-linux.so
--1449--    object doesn't have a symbol table
--1449-- Reading syms from /cvmfs/cms.cern.ch/slc6_amd64_gcc472/external/valgrind/3.8.0-cms/lib/valgrind/vgpreload_memcheck-amd64-linux.so
--1449--    object doesn't have a symbol table
--1449-- REDIR: 0x35ab2174e0 (index) redirected to 0x4808bd0 (index)
--1449-- REDIR: 0x35ab217560 (strcmp) redirected to 0x4809be0 (strcmp)
--1449-- Reading syms from /usr/lib64/libXpm.so.4.11.0
--1449--    object doesn't have a symbol table
--1449-- Reading syms from /usr/lib64/libXext.so.6.4.0
--1449--    object doesn't have a symbol table
--1449-- Reading syms from /usr/lib64/libX11.so.6.3.0
--1449--    object doesn't have a symbol table
--1449-- Reading syms from /cvmfs/cms.cern.ch/slc6_amd64_gcc472/external/gcc/4.7.2-cms/lib64/libstdc++.so.6.0.17
--1449-- Reading syms from /lib64/libm-2.12.so
--1449-- Reading syms from /cvmfs/cms.cern.ch/slc6_amd64_gcc472/external/gcc/4.7.2-cms/lib64/libgcc_s.so.1
--1449-- Reading syms from /lib64/libc-2.12.so
--1449-- Reading syms from /usr/lib64/libxcb.so.1.1.0
--1449--    object doesn't have a symbol table
--1449-- Reading syms from /lib64/libdl-2.12.so
--1449-- Reading syms from /usr/lib64/libXau.so.6.0.0
--1449--    object doesn't have a symbol table
--1449-- REDIR: 0x35ab684cd0 (strcasecmp) redirected to 0x480166e (_vgnU_ifunc_wrapper)
--1449-- REDIR: 0x35ab686f90 (strncasecmp) redirected to 0x480166e (_vgnU_ifunc_wrapper)
--1449-- REDIR: 0x35ab682c40 (__GI_strrchr) redirected to 0x48089f0 (__GI_strrchr)
--1449-- REDIR: 0x35ab681120 (strlen) redirected to 0x480166e (_vgnU_ifunc_wrapper)
--1449-- REDIR: 0x35ab733570 (__strlen_sse42) redirected to 0x4808f30 (strlen)
--1449-- REDIR: 0x35ab6833d0 (bcmp) redirected to 0x480166e (_vgnU_ifunc_wrapper)
--1449-- REDIR: 0x35ab73e610 (__memcmp_sse4_1) redirected to 0x480ac30 (bcmp)
--1449-- REDIR: 0x35ab68aaf0 (strchrnul) redirected to 0x480b350 (strchrnul)
--1449-- REDIR: 0x35ab67b520 (free) redirected to 0x48074af (free)
--1449-- REDIR: 0x4890670 (operator new(unsigned long)) redirected to 0x480802f (operator new(unsigned long))
--1449-- REDIR: 0x35ab689670 (memcpy) redirected to 0x480a1a0 (memcpy)
--1449-- REDIR: 0x4890780 (operator new[](unsigned long)) redirected to 0x48079b2 (operator new[](unsigned long))
--1449-- REDIR: 0x35ab682c10 (rindex) redirected to 0x480166e (_vgnU_ifunc_wrapper)
--1449-- REDIR: 0x35ab72a300 (__strrchr_sse42) redirected to 0x48089c0 (rindex)
--1449-- REDIR: 0x35ab684500 (mempcpy) redirected to 0x480b460 (mempcpy)
--1449-- REDIR: 0x35ab6350e0 (putenv) redirected to 0x480b9f0 (putenv)
--1449-- REDIR: 0x35ab67f660 (__GI_strchr) redirected to 0x4808ad0 (__GI_strchr)
--1449-- REDIR: 0x35ab681240 (strnlen) redirected to 0x4808ed0 (strnlen)
--1449-- REDIR: 0x35ab681160 (__GI_strlen) redirected to 0x4808f50 (__GI_strlen)
--1449-- REDIR: 0x35ab681390 (__GI_strncmp) redirected to 0x4809420 (__GI_strncmp)
--1449-- REDIR: 0x488e9b0 (operator delete[](void*)) redirected to 0x4806be5 (operator delete[](void*))
--1449-- REDIR: 0x488e980 (operator delete(void*)) redirected to 0x4807095 (operator delete(void*))
==1449== 
==1449== HEAP SUMMARY:
==1449==     in use at exit: 67 bytes in 1 blocks
==1449==   total heap usage: 3 allocs, 2 frees, 225 bytes allocated
==1449== 
==1449== Searching for pointers to 1 not-freed blocks
==1449== Checked 256,360 bytes
==1449== 
==1449== 67 bytes in 1 blocks are still reachable in loss record 1 of 1
==1449==    at 0x4807A34: operator new[](unsigned long) (in /cvmfs/cms.cern.ch/slc6_amd64_gcc472/external/valgrind/3.8.0-cms/lib/valgrind/vgpreload_memcheck-amd64-linux.so)
==1449==    by 0x40230F: main (in /cvmfs/cms.cern.ch/slc6_amd64_gcc472/lcg/root/5.32.00-cms/bin/root)
==1449== 
==1449== LEAK SUMMARY:
==1449==    definitely lost: 0 bytes in 0 blocks
==1449==    indirectly lost: 0 bytes in 0 blocks
==1449==      possibly lost: 0 bytes in 0 blocks
==1449==    still reachable: 67 bytes in 1 blocks
==1449==         suppressed: 0 bytes in 0 blocks
==1449== 
==1449== ERROR SUMMARY: 0 errors from 0 contexts (suppressed: 6 from 6)
--1449-- 
--1449-- used_suppression:      6 dl-hack3-cond-1
==1449== 
==1449== ERROR SUMMARY: 0 errors from 0 contexts (suppressed: 6 from 6)
