/gpfs22/home/xuq7/CMSSW_6_2_3_patch1/src/jetRpA/RpA/submit
/usr/spool/PBS/aux//102092.vmpsched
vmp534
i = 0 and pthat = 15
Processing...
root -l -b -q anaTrackAsy.C+
Info in <TUnixSystem::ACLiC>: creating shared library /gpfs22/home/xuq7/CMSSW_6_2_3_patch1/src/jetRpA/RpA/./anaTrackAsy_C.so
In file included from /gpfs22/home/xuq7/CMSSW_6_2_3_patch1/src/jetRpA/RpA/anaTrackAsy_C_ACLiC_dict.h:32:0,
                 from /gpfs22/home/xuq7/CMSSW_6_2_3_patch1/src/jetRpA/RpA/anaTrackAsy_C_ACLiC_dict.cxx:17:
/cvmfs/cms.cern.ch/slc6_amd64_gcc472/lcg/root/5.34.07-cms/include/TObject.h:114:24: warning: 'virtual void TObject::Draw(Option_t*)' was hidden [-Woverloaded-virtual]
In file included from /gpfs22/home/xuq7/CMSSW_6_2_3_patch1/src/jetRpA/RpA/./anaTrackAsy.C:15:0,
                 from /gpfs22/home/xuq7/CMSSW_6_2_3_patch1/src/jetRpA/RpA/anaTrackAsy_C_ACLiC_dict.h:34,
                 from /gpfs22/home/xuq7/CMSSW_6_2_3_patch1/src/jetRpA/RpA/anaTrackAsy_C_ACLiC_dict.cxx:17:
/gpfs22/home/xuq7/CMSSW_6_2_3_patch1/src/jetRpA/RpA/./hiForest.h:71:12: warning:   by 'Long64_t HiForest::Draw(const char*, const char*, Option_t*, Long64_t, Long64_t)' [-Woverloaded-virtual]
/gpfs22/home/xuq7/CMSSW_6_2_3_patch1/src/jetRpA/RpA/./hiForest.h:123:8: warning: unused parameter 'jetTree' [-Wunused-parameter]
/gpfs22/home/xuq7/CMSSW_6_2_3_patch1/src/jetRpA/RpA/./hiForest.h:123:8: warning: unused parameter 'jets' [-Wunused-parameter]
/gpfs22/home/xuq7/CMSSW_6_2_3_patch1/src/jetRpA/RpA/./hiForest.h:123:8: warning: unused parameter 'allEvents' [-Wunused-parameter]
/gpfs22/home/xuq7/CMSSW_6_2_3_patch1/src/jetRpA/RpA/./hiForest.h:352:1: warning: unused parameter 'recjec' [-Wunused-parameter]
/gpfs22/home/xuq7/CMSSW_6_2_3_patch1/src/jetRpA/RpA/./hiForest.h: In member function 'void HiForest::InitTree()':
/gpfs22/home/xuq7/CMSSW_6_2_3_patch1/src/jetRpA/RpA/./hiForest.h:834:48: warning: comparison between signed and unsigned integer expressions [-Wsign-compare]
/gpfs22/home/xuq7/CMSSW_6_2_3_patch1/src/jetRpA/RpA/./hiForest.h: In member function 'void HiForest::CheckArraySizes()':
/gpfs22/home/xuq7/CMSSW_6_2_3_patch1/src/jetRpA/RpA/./hiForest.h:935:41: warning: comparison between signed and unsigned integer expressions [-Wsign-compare]
/gpfs22/home/xuq7/CMSSW_6_2_3_patch1/src/jetRpA/RpA/./hiForest.h:942:42: warning: comparison between signed and unsigned integer expressions [-Wsign-compare]
In file included from /gpfs22/home/xuq7/CMSSW_6_2_3_patch1/src/jetRpA/RpA/./hiForest.h:1105:0,
                 from /gpfs22/home/xuq7/CMSSW_6_2_3_patch1/src/jetRpA/RpA/./anaTrackAsy.C:15,
                 from /gpfs22/home/xuq7/CMSSW_6_2_3_patch1/src/jetRpA/RpA/anaTrackAsy_C_ACLiC_dict.h:34,
                 from /gpfs22/home/xuq7/CMSSW_6_2_3_patch1/src/jetRpA/RpA/anaTrackAsy_C_ACLiC_dict.cxx:17:
/gpfs22/home/xuq7/CMSSW_6_2_3_patch1/src/jetRpA/RpA/./TrackUtilities.C: In member function 'double HiForest::getTrackCorrection(int)':
/gpfs22/home/xuq7/CMSSW_6_2_3_patch1/src/jetRpA/RpA/./TrackUtilities.C:130:11: warning: unused variable 'dr1' [-Wunused-variable]
/gpfs22/home/xuq7/CMSSW_6_2_3_patch1/src/jetRpA/RpA/./TrackUtilities.C:131:11: warning: unused variable 'dr2' [-Wunused-variable]
/gpfs22/home/xuq7/CMSSW_6_2_3_patch1/src/jetRpA/RpA/./TrackUtilities.C:133:22: warning: variable 'subleadingSet' set but not used [-Wunused-but-set-variable]
In file included from /gpfs22/home/xuq7/CMSSW_6_2_3_patch1/src/jetRpA/RpA/./hiForest.h:1108:0,
                 from /gpfs22/home/xuq7/CMSSW_6_2_3_patch1/src/jetRpA/RpA/./anaTrackAsy.C:15,
                 from /gpfs22/home/xuq7/CMSSW_6_2_3_patch1/src/jetRpA/RpA/anaTrackAsy_C_ACLiC_dict.h:34,
                 from /gpfs22/home/xuq7/CMSSW_6_2_3_patch1/src/jetRpA/RpA/anaTrackAsy_C_ACLiC_dict.cxx:17:
/gpfs22/home/xuq7/CMSSW_6_2_3_patch1/src/jetRpA/RpA/./JetUtilities.C: In member function 'void HiForest::sortJets(TTree*, Jets&, double, double, bool, int)':
/gpfs22/home/xuq7/CMSSW_6_2_3_patch1/src/jetRpA/RpA/./JetUtilities.C:265:42: warning: comparison between signed and unsigned integer expressions [-Wsign-compare]
/gpfs22/home/xuq7/CMSSW_6_2_3_patch1/src/jetRpA/RpA/./JetUtilities.C: At global scope:
/gpfs22/home/xuq7/CMSSW_6_2_3_patch1/src/jetRpA/RpA/./JetUtilities.C:188:6: warning: unused parameter 'ptMin' [-Wunused-parameter]
/gpfs22/home/xuq7/CMSSW_6_2_3_patch1/src/jetRpA/RpA/./JetUtilities.C:466:8: warning: unused parameter 'i' [-Wunused-parameter]
/gpfs22/home/xuq7/CMSSW_6_2_3_patch1/src/jetRpA/RpA/./JetUtilities.C:467:8: warning: unused parameter 'i' [-Wunused-parameter]
/gpfs22/home/xuq7/CMSSW_6_2_3_patch1/src/jetRpA/RpA/./JetUtilities.C:468:8: warning: unused parameter 'i' [-Wunused-parameter]
In file included from /gpfs22/home/xuq7/CMSSW_6_2_3_patch1/src/jetRpA/RpA/./anaTrackAsy.C:17:0,
                 from /gpfs22/home/xuq7/CMSSW_6_2_3_patch1/src/jetRpA/RpA/anaTrackAsy_C_ACLiC_dict.h:34,
                 from /gpfs22/home/xuq7/CMSSW_6_2_3_patch1/src/jetRpA/RpA/anaTrackAsy_C_ACLiC_dict.cxx:17:
/gpfs22/home/xuq7/CMSSW_6_2_3_patch1/src/jetRpA/RpA/./TrackCorrector.C: In member function 'void TrackCorrector::load(std::string)':
/gpfs22/home/xuq7/CMSSW_6_2_3_patch1/src/jetRpA/RpA/./TrackCorrector.C:100:15: warning: unused variable 'cn' [-Wunused-variable]
In file included from /gpfs22/home/xuq7/CMSSW_6_2_3_patch1/src/jetRpA/RpA/anaTrackAsy_C_ACLiC_dict.h:34:0,
                 from /gpfs22/home/xuq7/CMSSW_6_2_3_patch1/src/jetRpA/RpA/anaTrackAsy_C_ACLiC_dict.cxx:17:
/gpfs22/home/xuq7/CMSSW_6_2_3_patch1/src/jetRpA/RpA/./anaTrackAsy.C: In function 'void anaTrackAsy()':
/gpfs22/home/xuq7/CMSSW_6_2_3_patch1/src/jetRpA/RpA/./anaTrackAsy.C:756:36: warning: unused variable 'tr_phi' [-Wunused-variable]
/gpfs22/home/xuq7/CMSSW_6_2_3_patch1/src/jetRpA/RpA/./anaTrackAsy.C:797:32: warning: unused variable 'gen_phi' [-Wunused-variable]
/gpfs22/home/xuq7/CMSSW_6_2_3_patch1/src/jetRpA/RpA/./anaTrackAsy.C:667:14: warning: variable 'evtWeight' set but not used [-Wunused-but-set-variable]
/gpfs22/home/xuq7/CMSSW_6_2_3_patch1/src/jetRpA/RpA/./anaTrackAsy.C:673:12: warning: variable 'trackAbove' set but not used [-Wunused-but-set-variable]
/gpfs22/home/xuq7/CMSSW_6_2_3_patch1/src/jetRpA/RpA/./anaTrackAsy.C:739:13: warning: variable 'leadingJetIndex' set but not used [-Wunused-but-set-variable]
/gpfs22/home/xuq7/CMSSW_6_2_3_patch1/src/jetRpA/RpA/./anaTrackAsy.C:527:20: warning: unused variable 'my_GenPart' [-Wunused-variable]
/gpfs22/home/xuq7/CMSSW_6_2_3_patch1/src/jetRpA/RpA/./anaTrackAsy.C:712:60: warning: 'fgaus' may be used uninitialized in this function [-Wmaybe-uninitialized]
Error in <TTree::SetBranchAddress>: unknown branch -> superFilterPath
Error in <TTree::SetBranchAddress>: unknown branch -> phfCoincFilter
Error in <TTree::SetBranchAddress>: unknown branch -> ppurityFractionFilter
Error in <TTree::SetBranchAddress>: unknown branch -> pVertexFilterCutGplus
Error in <TTree::SetBranchAddress>: unknown branch -> hltAna
Done! 0
i = 1 and pthat = 30
Processing...
root -l -b -q anaTrackAsy.C+
Error in <TTree::SetBranchAddress>: unknown branch -> superFilterPath
Error in <TTree::SetBranchAddress>: unknown branch -> phfCoincFilter
Error in <TTree::SetBranchAddress>: unknown branch -> ppurityFractionFilter
Error in <TTree::SetBranchAddress>: unknown branch -> pVertexFilterCutGplus
Error in <TTree::SetBranchAddress>: unknown branch -> hltAna
Done! 1
Done all jobs!
