/gpfs22/home/xuq7/HI/jetRpA/RpA/NewMC/submit
/usr/spool/PBS/aux//1154686.vmpsched
vmp486
Error in <TTree::SetBranchAddress>: unknown branch -> weight
Error in <TTree::SetBranchAddress>: unknown branch -> pprimaryvertexFilter
Error in <TTree::SetBranchAddress>: unknown branch -> phfPosFilter1
Error in <TTree::SetBranchAddress>: unknown branch -> phfNegFilter1
Error in <TTree::SetBranchAddress>: unknown branch -> HLT_PAJet20_NoJetID_v1_trigObject
Error in <TTree::SetBranchAddress>: unknown branch -> HLT_PAJet40_NoJetID_v1_trigObject
Error in <TTree::SetBranchAddress>: unknown branch -> HLT_PAJet60_NoJetID_v1_trigObject
Error in <TTree::SetBranchAddress>: unknown branch -> HLT_PAJet80_NoJetID_v1_trigObject
Error in <TTree::SetBranchAddress>: unknown branch -> HLT_PAJet100_NoJetID_v1_trigObject
Error in <TTree::SetBranchAddress>: unknown branch -> pprimaryvertexFilter
Error in <TTree::SetBranchAddress>: unknown branch -> weight
Error in <TTree::SetBranchAddress>: unknown branch -> pprimaryvertexFilter
Error in <TTree::SetBranchAddress>: unknown branch -> phfPosFilter1
Error in <TTree::SetBranchAddress>: unknown branch -> phfNegFilter1
Error in <TTree::SetBranchAddress>: unknown branch -> HLT_PAJet20_NoJetID_v1_trigObject
Error in <TTree::SetBranchAddress>: unknown branch -> HLT_PAJet40_NoJetID_v1_trigObject
Error in <TTree::SetBranchAddress>: unknown branch -> HLT_PAJet60_NoJetID_v1_trigObject
Error in <TTree::SetBranchAddress>: unknown branch -> HLT_PAJet80_NoJetID_v1_trigObject
Error in <TTree::SetBranchAddress>: unknown branch -> HLT_PAJet100_NoJetID_v1_trigObject
Error in <TTree::SetBranchAddress>: unknown branch -> pprimaryvertexFilter
Error in <TTree::SetBranchAddress>: unknown branch -> weight
Error in <TTree::SetBranchAddress>: unknown branch -> pprimaryvertexFilter
Error in <TTree::SetBranchAddress>: unknown branch -> phfPosFilter1
Error in <TTree::SetBranchAddress>: unknown branch -> phfNegFilter1
Error in <TTree::SetBranchAddress>: unknown branch -> HLT_PAJet20_NoJetID_v1_trigObject
Error in <TTree::SetBranchAddress>: unknown branch -> HLT_PAJet40_NoJetID_v1_trigObject
Error in <TTree::SetBranchAddress>: unknown branch -> HLT_PAJet60_NoJetID_v1_trigObject
Error in <TTree::SetBranchAddress>: unknown branch -> HLT_PAJet80_NoJetID_v1_trigObject
Error in <TTree::SetBranchAddress>: unknown branch -> HLT_PAJet100_NoJetID_v1_trigObject
Error in <TTree::SetBranchAddress>: unknown branch -> pprimaryvertexFilter
Error in <TTree::SetBranchAddress>: unknown branch -> weight
Error in <TTree::SetBranchAddress>: unknown branch -> pprimaryvertexFilter
Error in <TTree::SetBranchAddress>: unknown branch -> phfPosFilter1
Error in <TTree::SetBranchAddress>: unknown branch -> phfNegFilter1
Error in <TTree::SetBranchAddress>: unknown branch -> HLT_PAJet20_NoJetID_v1_trigObject
Error in <TTree::SetBranchAddress>: unknown branch -> HLT_PAJet40_NoJetID_v1_trigObject
Error in <TTree::SetBranchAddress>: unknown branch -> HLT_PAJet60_NoJetID_v1_trigObject
Error in <TTree::SetBranchAddress>: unknown branch -> HLT_PAJet80_NoJetID_v1_trigObject
Error in <TTree::SetBranchAddress>: unknown branch -> HLT_PAJet100_NoJetID_v1_trigObject
Error in <TTree::SetBranchAddress>: unknown branch -> pprimaryvertexFilter
Error in <TTree::SetBranchAddress>: unknown branch -> weight
Error in <TTree::SetBranchAddress>: unknown branch -> pprimaryvertexFilter
Error in <TTree::SetBranchAddress>: unknown branch -> phfPosFilter1
Error in <TTree::SetBranchAddress>: unknown branch -> phfNegFilter1
Error in <TTree::SetBranchAddress>: unknown branch -> HLT_PAJet20_NoJetID_v1_trigObject
Error in <TTree::SetBranchAddress>: unknown branch -> HLT_PAJet40_NoJetID_v1_trigObject
Error in <TTree::SetBranchAddress>: unknown branch -> HLT_PAJet60_NoJetID_v1_trigObject
Error in <TTree::SetBranchAddress>: unknown branch -> HLT_PAJet80_NoJetID_v1_trigObject
Error in <TTree::SetBranchAddress>: unknown branch -> HLT_PAJet100_NoJetID_v1_trigObject
Error in <TTree::SetBranchAddress>: unknown branch -> pprimaryvertexFilter
Error in <TTree::SetBranchAddress>: unknown branch -> weight
Error in <TTree::SetBranchAddress>: unknown branch -> pprimaryvertexFilter
Error in <TTree::SetBranchAddress>: unknown branch -> phfPosFilter1
Error in <TTree::SetBranchAddress>: unknown branch -> phfNegFilter1
Error in <TTree::SetBranchAddress>: unknown branch -> HLT_PAJet20_NoJetID_v1_trigObject
Error in <TTree::SetBranchAddress>: unknown branch -> HLT_PAJet40_NoJetID_v1_trigObject
Error in <TTree::SetBranchAddress>: unknown branch -> HLT_PAJet60_NoJetID_v1_trigObject
Error in <TTree::SetBranchAddress>: unknown branch -> HLT_PAJet80_NoJetID_v1_trigObject
Error in <TTree::SetBranchAddress>: unknown branch -> HLT_PAJet100_NoJetID_v1_trigObject
Error in <TTree::SetBranchAddress>: unknown branch -> pprimaryvertexFilter
Error in <TTree::SetBranchAddress>: unknown branch -> weight
Error in <TTree::SetBranchAddress>: unknown branch -> pprimaryvertexFilter
Error in <TTree::SetBranchAddress>: unknown branch -> phfPosFilter1
Error in <TTree::SetBranchAddress>: unknown branch -> phfNegFilter1
Error in <TTree::SetBranchAddress>: unknown branch -> HLT_PAJet20_NoJetID_v1_trigObject
Error in <TTree::SetBranchAddress>: unknown branch -> HLT_PAJet40_NoJetID_v1_trigObject
Error in <TTree::SetBranchAddress>: unknown branch -> HLT_PAJet60_NoJetID_v1_trigObject
Error in <TTree::SetBranchAddress>: unknown branch -> HLT_PAJet80_NoJetID_v1_trigObject
Error in <TTree::SetBranchAddress>: unknown branch -> HLT_PAJet100_NoJetID_v1_trigObject
Error in <TTree::SetBranchAddress>: unknown branch -> pprimaryvertexFilter
Error in <TTree::SetBranchAddress>: unknown branch -> weight
Error in <TTree::SetBranchAddress>: unknown branch -> pprimaryvertexFilter
Error in <TTree::SetBranchAddress>: unknown branch -> phfPosFilter1
Error in <TTree::SetBranchAddress>: unknown branch -> phfNegFilter1
Error in <TTree::SetBranchAddress>: unknown branch -> HLT_PAJet20_NoJetID_v1_trigObject
Error in <TTree::SetBranchAddress>: unknown branch -> HLT_PAJet40_NoJetID_v1_trigObject
Error in <TTree::SetBranchAddress>: unknown branch -> HLT_PAJet60_NoJetID_v1_trigObject
Error in <TTree::SetBranchAddress>: unknown branch -> HLT_PAJet80_NoJetID_v1_trigObject
Error in <TTree::SetBranchAddress>: unknown branch -> HLT_PAJet100_NoJetID_v1_trigObject
Error in <TTree::SetBranchAddress>: unknown branch -> pprimaryvertexFilter
Error in <TTree::SetBranchAddress>: unknown branch -> weight
Error in <TTree::SetBranchAddress>: unknown branch -> pprimaryvertexFilter
Error in <TTree::SetBranchAddress>: unknown branch -> phfPosFilter1
Error in <TTree::SetBranchAddress>: unknown branch -> phfNegFilter1
Error in <TTree::SetBranchAddress>: unknown branch -> HLT_PAJet20_NoJetID_v1_trigObject
Error in <TTree::SetBranchAddress>: unknown branch -> HLT_PAJet40_NoJetID_v1_trigObject
Error in <TTree::SetBranchAddress>: unknown branch -> HLT_PAJet60_NoJetID_v1_trigObject
Error in <TTree::SetBranchAddress>: unknown branch -> HLT_PAJet80_NoJetID_v1_trigObject
Error in <TTree::SetBranchAddress>: unknown branch -> HLT_PAJet100_NoJetID_v1_trigObject
Error in <TTree::SetBranchAddress>: unknown branch -> pprimaryvertexFilter
Error in <TTree::SetBranchAddress>: unknown branch -> weight
Error in <TTree::SetBranchAddress>: unknown branch -> pprimaryvertexFilter
Error in <TTree::SetBranchAddress>: unknown branch -> phfPosFilter1
Error in <TTree::SetBranchAddress>: unknown branch -> phfNegFilter1
Error in <TTree::SetBranchAddress>: unknown branch -> HLT_PAJet20_NoJetID_v1_trigObject
Error in <TTree::SetBranchAddress>: unknown branch -> HLT_PAJet40_NoJetID_v1_trigObject
Error in <TTree::SetBranchAddress>: unknown branch -> HLT_PAJet60_NoJetID_v1_trigObject
Error in <TTree::SetBranchAddress>: unknown branch -> HLT_PAJet80_NoJetID_v1_trigObject
Error in <TTree::SetBranchAddress>: unknown branch -> HLT_PAJet100_NoJetID_v1_trigObject
Error in <TTree::SetBranchAddress>: unknown branch -> pprimaryvertexFilter
Error in <TTree::SetBranchAddress>: unknown branch -> weight
Error in <TTree::SetBranchAddress>: unknown branch -> pprimaryvertexFilter
Error in <TTree::SetBranchAddress>: unknown branch -> phfPosFilter1
Error in <TTree::SetBranchAddress>: unknown branch -> phfNegFilter1
Error in <TTree::SetBranchAddress>: unknown branch -> HLT_PAJet20_NoJetID_v1_trigObject
Error in <TTree::SetBranchAddress>: unknown branch -> HLT_PAJet40_NoJetID_v1_trigObject
Error in <TTree::SetBranchAddress>: unknown branch -> HLT_PAJet60_NoJetID_v1_trigObject
Error in <TTree::SetBranchAddress>: unknown branch -> HLT_PAJet80_NoJetID_v1_trigObject
Error in <TTree::SetBranchAddress>: unknown branch -> HLT_PAJet100_NoJetID_v1_trigObject
Error in <TTree::SetBranchAddress>: unknown branch -> pprimaryvertexFilter
Error in <TTree::SetBranchAddress>: unknown branch -> weight
Error in <TTree::SetBranchAddress>: unknown branch -> pprimaryvertexFilter
Error in <TTree::SetBranchAddress>: unknown branch -> phfPosFilter1
Error in <TTree::SetBranchAddress>: unknown branch -> phfNegFilter1
Error in <TTree::SetBranchAddress>: unknown branch -> HLT_PAJet20_NoJetID_v1_trigObject
Error in <TTree::SetBranchAddress>: unknown branch -> HLT_PAJet40_NoJetID_v1_trigObject
Error in <TTree::SetBranchAddress>: unknown branch -> HLT_PAJet60_NoJetID_v1_trigObject
Error in <TTree::SetBranchAddress>: unknown branch -> HLT_PAJet80_NoJetID_v1_trigObject
Error in <TTree::SetBranchAddress>: unknown branch -> HLT_PAJet100_NoJetID_v1_trigObject
Error in <TTree::SetBranchAddress>: unknown branch -> pprimaryvertexFilter
Error in <TTree::SetBranchAddress>: unknown branch -> weight
Error in <TTree::SetBranchAddress>: unknown branch -> pprimaryvertexFilter
Error in <TTree::SetBranchAddress>: unknown branch -> phfPosFilter1
Error in <TTree::SetBranchAddress>: unknown branch -> phfNegFilter1
Error in <TTree::SetBranchAddress>: unknown branch -> HLT_PAJet20_NoJetID_v1_trigObject
Error in <TTree::SetBranchAddress>: unknown branch -> HLT_PAJet40_NoJetID_v1_trigObject
Error in <TTree::SetBranchAddress>: unknown branch -> HLT_PAJet60_NoJetID_v1_trigObject
Error in <TTree::SetBranchAddress>: unknown branch -> HLT_PAJet80_NoJetID_v1_trigObject
Error in <TTree::SetBranchAddress>: unknown branch -> HLT_PAJet100_NoJetID_v1_trigObject
Error in <TTree::SetBranchAddress>: unknown branch -> pprimaryvertexFilter
Error in <TTree::SetBranchAddress>: unknown branch -> weight
Error in <TTree::SetBranchAddress>: unknown branch -> pprimaryvertexFilter
Error in <TTree::SetBranchAddress>: unknown branch -> phfPosFilter1
Error in <TTree::SetBranchAddress>: unknown branch -> phfNegFilter1
Error in <TTree::SetBranchAddress>: unknown branch -> HLT_PAJet20_NoJetID_v1_trigObject
Error in <TTree::SetBranchAddress>: unknown branch -> HLT_PAJet40_NoJetID_v1_trigObject
Error in <TTree::SetBranchAddress>: unknown branch -> HLT_PAJet60_NoJetID_v1_trigObject
Error in <TTree::SetBranchAddress>: unknown branch -> HLT_PAJet80_NoJetID_v1_trigObject
Error in <TTree::SetBranchAddress>: unknown branch -> HLT_PAJet100_NoJetID_v1_trigObject
Error in <TTree::SetBranchAddress>: unknown branch -> pprimaryvertexFilter
Error in <TTree::SetBranchAddress>: unknown branch -> weight
Error in <TTree::SetBranchAddress>: unknown branch -> pprimaryvertexFilter
Error in <TTree::SetBranchAddress>: unknown branch -> phfPosFilter1
Error in <TTree::SetBranchAddress>: unknown branch -> phfNegFilter1
Error in <TTree::SetBranchAddress>: unknown branch -> HLT_PAJet20_NoJetID_v1_trigObject
Error in <TTree::SetBranchAddress>: unknown branch -> HLT_PAJet40_NoJetID_v1_trigObject
Error in <TTree::SetBranchAddress>: unknown branch -> HLT_PAJet60_NoJetID_v1_trigObject
Error in <TTree::SetBranchAddress>: unknown branch -> HLT_PAJet80_NoJetID_v1_trigObject
Error in <TTree::SetBranchAddress>: unknown branch -> HLT_PAJet100_NoJetID_v1_trigObject
Error in <TTree::SetBranchAddress>: unknown branch -> pprimaryvertexFilter
Error in <TTree::SetBranchAddress>: unknown branch -> weight
Error in <TTree::SetBranchAddress>: unknown branch -> pprimaryvertexFilter
Error in <TTree::SetBranchAddress>: unknown branch -> phfPosFilter1
Error in <TTree::SetBranchAddress>: unknown branch -> phfNegFilter1
Error in <TTree::SetBranchAddress>: unknown branch -> HLT_PAJet20_NoJetID_v1_trigObject
Error in <TTree::SetBranchAddress>: unknown branch -> HLT_PAJet40_NoJetID_v1_trigObject
Error in <TTree::SetBranchAddress>: unknown branch -> HLT_PAJet60_NoJetID_v1_trigObject
Error in <TTree::SetBranchAddress>: unknown branch -> HLT_PAJet80_NoJetID_v1_trigObject
Error in <TTree::SetBranchAddress>: unknown branch -> HLT_PAJet100_NoJetID_v1_trigObject
Error in <TTree::SetBranchAddress>: unknown branch -> pprimaryvertexFilter
Error in <TTree::SetBranchAddress>: unknown branch -> weight
Error in <TTree::SetBranchAddress>: unknown branch -> pprimaryvertexFilter
Error in <TTree::SetBranchAddress>: unknown branch -> phfPosFilter1
Error in <TTree::SetBranchAddress>: unknown branch -> phfNegFilter1
Error in <TTree::SetBranchAddress>: unknown branch -> HLT_PAJet20_NoJetID_v1_trigObject
Error in <TTree::SetBranchAddress>: unknown branch -> HLT_PAJet40_NoJetID_v1_trigObject
Error in <TTree::SetBranchAddress>: unknown branch -> HLT_PAJet60_NoJetID_v1_trigObject
Error in <TTree::SetBranchAddress>: unknown branch -> HLT_PAJet80_NoJetID_v1_trigObject
Error in <TTree::SetBranchAddress>: unknown branch -> HLT_PAJet100_NoJetID_v1_trigObject
Error in <TTree::SetBranchAddress>: unknown branch -> pprimaryvertexFilter
Error in <TTree::SetBranchAddress>: unknown branch -> weight
Error in <TTree::SetBranchAddress>: unknown branch -> pprimaryvertexFilter
Error in <TTree::SetBranchAddress>: unknown branch -> phfPosFilter1
Error in <TTree::SetBranchAddress>: unknown branch -> phfNegFilter1
Error in <TTree::SetBranchAddress>: unknown branch -> HLT_PAJet20_NoJetID_v1_trigObject
Error in <TTree::SetBranchAddress>: unknown branch -> HLT_PAJet40_NoJetID_v1_trigObject
Error in <TTree::SetBranchAddress>: unknown branch -> HLT_PAJet60_NoJetID_v1_trigObject
Error in <TTree::SetBranchAddress>: unknown branch -> HLT_PAJet80_NoJetID_v1_trigObject
Error in <TTree::SetBranchAddress>: unknown branch -> HLT_PAJet100_NoJetID_v1_trigObject
Error in <TTree::SetBranchAddress>: unknown branch -> pprimaryvertexFilter
Error in <TTree::SetBranchAddress>: unknown branch -> weight
Error in <TTree::SetBranchAddress>: unknown branch -> pprimaryvertexFilter
Error in <TTree::SetBranchAddress>: unknown branch -> phfPosFilter1
Error in <TTree::SetBranchAddress>: unknown branch -> phfNegFilter1
Error in <TTree::SetBranchAddress>: unknown branch -> HLT_PAJet20_NoJetID_v1_trigObject
Error in <TTree::SetBranchAddress>: unknown branch -> HLT_PAJet40_NoJetID_v1_trigObject
Error in <TTree::SetBranchAddress>: unknown branch -> HLT_PAJet60_NoJetID_v1_trigObject
Error in <TTree::SetBranchAddress>: unknown branch -> HLT_PAJet80_NoJetID_v1_trigObject
Error in <TTree::SetBranchAddress>: unknown branch -> HLT_PAJet100_NoJetID_v1_trigObject
Error in <TTree::SetBranchAddress>: unknown branch -> pprimaryvertexFilter
Error in <TTree::SetBranchAddress>: unknown branch -> weight
Error in <TTree::SetBranchAddress>: unknown branch -> pprimaryvertexFilter
Error in <TTree::SetBranchAddress>: unknown branch -> phfPosFilter1
Error in <TTree::SetBranchAddress>: unknown branch -> phfNegFilter1
Error in <TTree::SetBranchAddress>: unknown branch -> HLT_PAJet20_NoJetID_v1_trigObject
Error in <TTree::SetBranchAddress>: unknown branch -> HLT_PAJet40_NoJetID_v1_trigObject
Error in <TTree::SetBranchAddress>: unknown branch -> HLT_PAJet60_NoJetID_v1_trigObject
Error in <TTree::SetBranchAddress>: unknown branch -> HLT_PAJet80_NoJetID_v1_trigObject
Error in <TTree::SetBranchAddress>: unknown branch -> HLT_PAJet100_NoJetID_v1_trigObject
Error in <TTree::SetBranchAddress>: unknown branch -> pprimaryvertexFilter
Error in <TTree::SetBranchAddress>: unknown branch -> weight
Error in <TTree::SetBranchAddress>: unknown branch -> pprimaryvertexFilter
Error in <TTree::SetBranchAddress>: unknown branch -> phfPosFilter1
Error in <TTree::SetBranchAddress>: unknown branch -> phfNegFilter1
Error in <TTree::SetBranchAddress>: unknown branch -> HLT_PAJet20_NoJetID_v1_trigObject
Error in <TTree::SetBranchAddress>: unknown branch -> HLT_PAJet40_NoJetID_v1_trigObject
Error in <TTree::SetBranchAddress>: unknown branch -> HLT_PAJet60_NoJetID_v1_trigObject
Error in <TTree::SetBranchAddress>: unknown branch -> HLT_PAJet80_NoJetID_v1_trigObject
Error in <TTree::SetBranchAddress>: unknown branch -> HLT_PAJet100_NoJetID_v1_trigObject
Error in <TTree::SetBranchAddress>: unknown branch -> pprimaryvertexFilter
Error in <TTree::SetBranchAddress>: unknown branch -> weight
Error in <TTree::SetBranchAddress>: unknown branch -> pprimaryvertexFilter
Error in <TTree::SetBranchAddress>: unknown branch -> phfPosFilter1
Error in <TTree::SetBranchAddress>: unknown branch -> phfNegFilter1
Error in <TTree::SetBranchAddress>: unknown branch -> HLT_PAJet20_NoJetID_v1_trigObject
Error in <TTree::SetBranchAddress>: unknown branch -> HLT_PAJet40_NoJetID_v1_trigObject
Error in <TTree::SetBranchAddress>: unknown branch -> HLT_PAJet60_NoJetID_v1_trigObject
Error in <TTree::SetBranchAddress>: unknown branch -> HLT_PAJet80_NoJetID_v1_trigObject
Error in <TTree::SetBranchAddress>: unknown branch -> HLT_PAJet100_NoJetID_v1_trigObject
Error in <TTree::SetBranchAddress>: unknown branch -> pprimaryvertexFilter
Error in <TTree::SetBranchAddress>: unknown branch -> weight
Error in <TTree::SetBranchAddress>: unknown branch -> pprimaryvertexFilter
Error in <TTree::SetBranchAddress>: unknown branch -> phfPosFilter1
Error in <TTree::SetBranchAddress>: unknown branch -> phfNegFilter1
Error in <TTree::SetBranchAddress>: unknown branch -> HLT_PAJet20_NoJetID_v1_trigObject
Error in <TTree::SetBranchAddress>: unknown branch -> HLT_PAJet40_NoJetID_v1_trigObject
Error in <TTree::SetBranchAddress>: unknown branch -> HLT_PAJet60_NoJetID_v1_trigObject
Error in <TTree::SetBranchAddress>: unknown branch -> HLT_PAJet80_NoJetID_v1_trigObject
Error in <TTree::SetBranchAddress>: unknown branch -> HLT_PAJet100_NoJetID_v1_trigObject
Error in <TTree::SetBranchAddress>: unknown branch -> pprimaryvertexFilter
Error in <TTree::SetBranchAddress>: unknown branch -> weight
Error in <TTree::SetBranchAddress>: unknown branch -> pprimaryvertexFilter
Error in <TTree::SetBranchAddress>: unknown branch -> phfPosFilter1
Error in <TTree::SetBranchAddress>: unknown branch -> phfNegFilter1
Error in <TTree::SetBranchAddress>: unknown branch -> HLT_PAJet20_NoJetID_v1_trigObject
Error in <TTree::SetBranchAddress>: unknown branch -> HLT_PAJet40_NoJetID_v1_trigObject
Error in <TTree::SetBranchAddress>: unknown branch -> HLT_PAJet60_NoJetID_v1_trigObject
Error in <TTree::SetBranchAddress>: unknown branch -> HLT_PAJet80_NoJetID_v1_trigObject
Error in <TTree::SetBranchAddress>: unknown branch -> HLT_PAJet100_NoJetID_v1_trigObject
Error in <TTree::SetBranchAddress>: unknown branch -> pprimaryvertexFilter
Error in <TTree::SetBranchAddress>: unknown branch -> weight
Error in <TTree::SetBranchAddress>: unknown branch -> pprimaryvertexFilter
Error in <TTree::SetBranchAddress>: unknown branch -> phfPosFilter1
Error in <TTree::SetBranchAddress>: unknown branch -> phfNegFilter1
Error in <TTree::SetBranchAddress>: unknown branch -> HLT_PAJet20_NoJetID_v1_trigObject
Error in <TTree::SetBranchAddress>: unknown branch -> HLT_PAJet40_NoJetID_v1_trigObject
Error in <TTree::SetBranchAddress>: unknown branch -> HLT_PAJet60_NoJetID_v1_trigObject
Error in <TTree::SetBranchAddress>: unknown branch -> HLT_PAJet80_NoJetID_v1_trigObject
Error in <TTree::SetBranchAddress>: unknown branch -> HLT_PAJet100_NoJetID_v1_trigObject
Error in <TTree::SetBranchAddress>: unknown branch -> pprimaryvertexFilter
Error in <TTree::SetBranchAddress>: unknown branch -> weight
Error in <TTree::SetBranchAddress>: unknown branch -> pprimaryvertexFilter
Error in <TTree::SetBranchAddress>: unknown branch -> phfPosFilter1
Error in <TTree::SetBranchAddress>: unknown branch -> phfNegFilter1
Error in <TTree::SetBranchAddress>: unknown branch -> HLT_PAJet20_NoJetID_v1_trigObject
Error in <TTree::SetBranchAddress>: unknown branch -> HLT_PAJet40_NoJetID_v1_trigObject
Error in <TTree::SetBranchAddress>: unknown branch -> HLT_PAJet60_NoJetID_v1_trigObject
Error in <TTree::SetBranchAddress>: unknown branch -> HLT_PAJet80_NoJetID_v1_trigObject
Error in <TTree::SetBranchAddress>: unknown branch -> HLT_PAJet100_NoJetID_v1_trigObject
Error in <TTree::SetBranchAddress>: unknown branch -> pprimaryvertexFilter
Error in <TTree::SetBranchAddress>: unknown branch -> weight
Error in <TTree::SetBranchAddress>: unknown branch -> pprimaryvertexFilter
Error in <TTree::SetBranchAddress>: unknown branch -> phfPosFilter1
Error in <TTree::SetBranchAddress>: unknown branch -> phfNegFilter1
Error in <TTree::SetBranchAddress>: unknown branch -> HLT_PAJet20_NoJetID_v1_trigObject
Error in <TTree::SetBranchAddress>: unknown branch -> HLT_PAJet40_NoJetID_v1_trigObject
Error in <TTree::SetBranchAddress>: unknown branch -> HLT_PAJet60_NoJetID_v1_trigObject
Error in <TTree::SetBranchAddress>: unknown branch -> HLT_PAJet80_NoJetID_v1_trigObject
Error in <TTree::SetBranchAddress>: unknown branch -> HLT_PAJet100_NoJetID_v1_trigObject
Error in <TTree::SetBranchAddress>: unknown branch -> pprimaryvertexFilter
Error in <TTree::SetBranchAddress>: unknown branch -> weight
Error in <TTree::SetBranchAddress>: unknown branch -> pprimaryvertexFilter
Error in <TTree::SetBranchAddress>: unknown branch -> phfPosFilter1
Error in <TTree::SetBranchAddress>: unknown branch -> phfNegFilter1
Error in <TTree::SetBranchAddress>: unknown branch -> HLT_PAJet20_NoJetID_v1_trigObject
Error in <TTree::SetBranchAddress>: unknown branch -> HLT_PAJet40_NoJetID_v1_trigObject
Error in <TTree::SetBranchAddress>: unknown branch -> HLT_PAJet60_NoJetID_v1_trigObject
Error in <TTree::SetBranchAddress>: unknown branch -> HLT_PAJet80_NoJetID_v1_trigObject
Error in <TTree::SetBranchAddress>: unknown branch -> HLT_PAJet100_NoJetID_v1_trigObject
Error in <TTree::SetBranchAddress>: unknown branch -> pprimaryvertexFilter
Error in <TTree::SetBranchAddress>: unknown branch -> weight
Error in <TTree::SetBranchAddress>: unknown branch -> pprimaryvertexFilter
Error in <TTree::SetBranchAddress>: unknown branch -> phfPosFilter1
Error in <TTree::SetBranchAddress>: unknown branch -> phfNegFilter1
Error in <TTree::SetBranchAddress>: unknown branch -> HLT_PAJet20_NoJetID_v1_trigObject
Error in <TTree::SetBranchAddress>: unknown branch -> HLT_PAJet40_NoJetID_v1_trigObject
Error in <TTree::SetBranchAddress>: unknown branch -> HLT_PAJet60_NoJetID_v1_trigObject
Error in <TTree::SetBranchAddress>: unknown branch -> HLT_PAJet80_NoJetID_v1_trigObject
Error in <TTree::SetBranchAddress>: unknown branch -> HLT_PAJet100_NoJetID_v1_trigObject
Error in <TTree::SetBranchAddress>: unknown branch -> pprimaryvertexFilter
Error in <TTree::SetBranchAddress>: unknown branch -> weight
Error in <TTree::SetBranchAddress>: unknown branch -> pprimaryvertexFilter
Error in <TTree::SetBranchAddress>: unknown branch -> phfPosFilter1
Error in <TTree::SetBranchAddress>: unknown branch -> phfNegFilter1
Error in <TTree::SetBranchAddress>: unknown branch -> HLT_PAJet20_NoJetID_v1_trigObject
Error in <TTree::SetBranchAddress>: unknown branch -> HLT_PAJet40_NoJetID_v1_trigObject
Error in <TTree::SetBranchAddress>: unknown branch -> HLT_PAJet60_NoJetID_v1_trigObject
Error in <TTree::SetBranchAddress>: unknown branch -> HLT_PAJet80_NoJetID_v1_trigObject
Error in <TTree::SetBranchAddress>: unknown branch -> HLT_PAJet100_NoJetID_v1_trigObject
Error in <TTree::SetBranchAddress>: unknown branch -> pprimaryvertexFilter
Error in <TTree::SetBranchAddress>: unknown branch -> weight
Error in <TTree::SetBranchAddress>: unknown branch -> pprimaryvertexFilter
Error in <TTree::SetBranchAddress>: unknown branch -> phfPosFilter1
Error in <TTree::SetBranchAddress>: unknown branch -> phfNegFilter1
Error in <TTree::SetBranchAddress>: unknown branch -> HLT_PAJet20_NoJetID_v1_trigObject
Error in <TTree::SetBranchAddress>: unknown branch -> HLT_PAJet40_NoJetID_v1_trigObject
Error in <TTree::SetBranchAddress>: unknown branch -> HLT_PAJet60_NoJetID_v1_trigObject
Error in <TTree::SetBranchAddress>: unknown branch -> HLT_PAJet80_NoJetID_v1_trigObject
Error in <TTree::SetBranchAddress>: unknown branch -> HLT_PAJet100_NoJetID_v1_trigObject
Error in <TTree::SetBranchAddress>: unknown branch -> pprimaryvertexFilter
Error in <TTree::SetBranchAddress>: unknown branch -> weight
Error in <TTree::SetBranchAddress>: unknown branch -> pprimaryvertexFilter
Error in <TTree::SetBranchAddress>: unknown branch -> phfPosFilter1
Error in <TTree::SetBranchAddress>: unknown branch -> phfNegFilter1
Error in <TTree::SetBranchAddress>: unknown branch -> HLT_PAJet20_NoJetID_v1_trigObject
Error in <TTree::SetBranchAddress>: unknown branch -> HLT_PAJet40_NoJetID_v1_trigObject
Error in <TTree::SetBranchAddress>: unknown branch -> HLT_PAJet60_NoJetID_v1_trigObject
Error in <TTree::SetBranchAddress>: unknown branch -> HLT_PAJet80_NoJetID_v1_trigObject
Error in <TTree::SetBranchAddress>: unknown branch -> HLT_PAJet100_NoJetID_v1_trigObject
Error in <TTree::SetBranchAddress>: unknown branch -> pprimaryvertexFilter
Error in <TTree::SetBranchAddress>: unknown branch -> weight
Error in <TTree::SetBranchAddress>: unknown branch -> pprimaryvertexFilter
Error in <TTree::SetBranchAddress>: unknown branch -> phfPosFilter1
Error in <TTree::SetBranchAddress>: unknown branch -> phfNegFilter1
Error in <TTree::SetBranchAddress>: unknown branch -> HLT_PAJet20_NoJetID_v1_trigObject
Error in <TTree::SetBranchAddress>: unknown branch -> HLT_PAJet40_NoJetID_v1_trigObject
Error in <TTree::SetBranchAddress>: unknown branch -> HLT_PAJet60_NoJetID_v1_trigObject
Error in <TTree::SetBranchAddress>: unknown branch -> HLT_PAJet80_NoJetID_v1_trigObject
Error in <TTree::SetBranchAddress>: unknown branch -> HLT_PAJet100_NoJetID_v1_trigObject
Error in <TTree::SetBranchAddress>: unknown branch -> pprimaryvertexFilter
Error in <TTree::SetBranchAddress>: unknown branch -> weight
Error in <TTree::SetBranchAddress>: unknown branch -> pprimaryvertexFilter
Error in <TTree::SetBranchAddress>: unknown branch -> phfPosFilter1
Error in <TTree::SetBranchAddress>: unknown branch -> phfNegFilter1
Error in <TTree::SetBranchAddress>: unknown branch -> HLT_PAJet20_NoJetID_v1_trigObject
Error in <TTree::SetBranchAddress>: unknown branch -> HLT_PAJet40_NoJetID_v1_trigObject
Error in <TTree::SetBranchAddress>: unknown branch -> HLT_PAJet60_NoJetID_v1_trigObject
Error in <TTree::SetBranchAddress>: unknown branch -> HLT_PAJet80_NoJetID_v1_trigObject
Error in <TTree::SetBranchAddress>: unknown branch -> HLT_PAJet100_NoJetID_v1_trigObject
Error in <TTree::SetBranchAddress>: unknown branch -> pprimaryvertexFilter
Error in <TTree::SetBranchAddress>: unknown branch -> weight
Error in <TTree::SetBranchAddress>: unknown branch -> pprimaryvertexFilter
Error in <TTree::SetBranchAddress>: unknown branch -> phfPosFilter1
Error in <TTree::SetBranchAddress>: unknown branch -> phfNegFilter1
Error in <TTree::SetBranchAddress>: unknown branch -> HLT_PAJet20_NoJetID_v1_trigObject
Error in <TTree::SetBranchAddress>: unknown branch -> HLT_PAJet40_NoJetID_v1_trigObject
Error in <TTree::SetBranchAddress>: unknown branch -> HLT_PAJet60_NoJetID_v1_trigObject
Error in <TTree::SetBranchAddress>: unknown branch -> HLT_PAJet80_NoJetID_v1_trigObject
Error in <TTree::SetBranchAddress>: unknown branch -> HLT_PAJet100_NoJetID_v1_trigObject
Error in <TTree::SetBranchAddress>: unknown branch -> pprimaryvertexFilter
Error in <TTree::SetBranchAddress>: unknown branch -> weight
Error in <TTree::SetBranchAddress>: unknown branch -> pprimaryvertexFilter
Error in <TTree::SetBranchAddress>: unknown branch -> phfPosFilter1
Error in <TTree::SetBranchAddress>: unknown branch -> phfNegFilter1
Error in <TTree::SetBranchAddress>: unknown branch -> HLT_PAJet20_NoJetID_v1_trigObject
Error in <TTree::SetBranchAddress>: unknown branch -> HLT_PAJet40_NoJetID_v1_trigObject
Error in <TTree::SetBranchAddress>: unknown branch -> HLT_PAJet60_NoJetID_v1_trigObject
Error in <TTree::SetBranchAddress>: unknown branch -> HLT_PAJet80_NoJetID_v1_trigObject
Error in <TTree::SetBranchAddress>: unknown branch -> HLT_PAJet100_NoJetID_v1_trigObject
Error in <TTree::SetBranchAddress>: unknown branch -> pprimaryvertexFilter
Error in <TTree::SetBranchAddress>: unknown branch -> weight
Error in <TTree::SetBranchAddress>: unknown branch -> pprimaryvertexFilter
Error in <TTree::SetBranchAddress>: unknown branch -> phfPosFilter1
Error in <TTree::SetBranchAddress>: unknown branch -> phfNegFilter1
Error in <TTree::SetBranchAddress>: unknown branch -> HLT_PAJet20_NoJetID_v1_trigObject
Error in <TTree::SetBranchAddress>: unknown branch -> HLT_PAJet40_NoJetID_v1_trigObject
Error in <TTree::SetBranchAddress>: unknown branch -> HLT_PAJet60_NoJetID_v1_trigObject
Error in <TTree::SetBranchAddress>: unknown branch -> HLT_PAJet80_NoJetID_v1_trigObject
Error in <TTree::SetBranchAddress>: unknown branch -> HLT_PAJet100_NoJetID_v1_trigObject
Error in <TTree::SetBranchAddress>: unknown branch -> pprimaryvertexFilter
Error in <TTree::SetBranchAddress>: unknown branch -> weight
Error in <TTree::SetBranchAddress>: unknown branch -> pprimaryvertexFilter
Error in <TTree::SetBranchAddress>: unknown branch -> phfPosFilter1
Error in <TTree::SetBranchAddress>: unknown branch -> phfNegFilter1
Error in <TTree::SetBranchAddress>: unknown branch -> HLT_PAJet20_NoJetID_v1_trigObject
Error in <TTree::SetBranchAddress>: unknown branch -> HLT_PAJet40_NoJetID_v1_trigObject
Error in <TTree::SetBranchAddress>: unknown branch -> HLT_PAJet60_NoJetID_v1_trigObject
Error in <TTree::SetBranchAddress>: unknown branch -> HLT_PAJet80_NoJetID_v1_trigObject
Error in <TTree::SetBranchAddress>: unknown branch -> HLT_PAJet100_NoJetID_v1_trigObject
Error in <TTree::SetBranchAddress>: unknown branch -> pprimaryvertexFilter
Error in <TTree::SetBranchAddress>: unknown branch -> weight
Error in <TTree::SetBranchAddress>: unknown branch -> pprimaryvertexFilter
Error in <TTree::SetBranchAddress>: unknown branch -> phfPosFilter1
Error in <TTree::SetBranchAddress>: unknown branch -> phfNegFilter1
Error in <TTree::SetBranchAddress>: unknown branch -> HLT_PAJet20_NoJetID_v1_trigObject
Error in <TTree::SetBranchAddress>: unknown branch -> HLT_PAJet40_NoJetID_v1_trigObject
Error in <TTree::SetBranchAddress>: unknown branch -> HLT_PAJet60_NoJetID_v1_trigObject
Error in <TTree::SetBranchAddress>: unknown branch -> HLT_PAJet80_NoJetID_v1_trigObject
Error in <TTree::SetBranchAddress>: unknown branch -> HLT_PAJet100_NoJetID_v1_trigObject
Error in <TTree::SetBranchAddress>: unknown branch -> pprimaryvertexFilter
Error in <TTree::SetBranchAddress>: unknown branch -> weight
Error in <TTree::SetBranchAddress>: unknown branch -> pprimaryvertexFilter
Error in <TTree::SetBranchAddress>: unknown branch -> phfPosFilter1
Error in <TTree::SetBranchAddress>: unknown branch -> phfNegFilter1
Error in <TTree::SetBranchAddress>: unknown branch -> HLT_PAJet20_NoJetID_v1_trigObject
Error in <TTree::SetBranchAddress>: unknown branch -> HLT_PAJet40_NoJetID_v1_trigObject
Error in <TTree::SetBranchAddress>: unknown branch -> HLT_PAJet60_NoJetID_v1_trigObject
Error in <TTree::SetBranchAddress>: unknown branch -> HLT_PAJet80_NoJetID_v1_trigObject
Error in <TTree::SetBranchAddress>: unknown branch -> HLT_PAJet100_NoJetID_v1_trigObject
Error in <TTree::SetBranchAddress>: unknown branch -> pprimaryvertexFilter
Error in <TTree::SetBranchAddress>: unknown branch -> weight
Error in <TTree::SetBranchAddress>: unknown branch -> pprimaryvertexFilter
Error in <TTree::SetBranchAddress>: unknown branch -> phfPosFilter1
Error in <TTree::SetBranchAddress>: unknown branch -> phfNegFilter1
Error in <TTree::SetBranchAddress>: unknown branch -> HLT_PAJet20_NoJetID_v1_trigObject
Error in <TTree::SetBranchAddress>: unknown branch -> HLT_PAJet40_NoJetID_v1_trigObject
Error in <TTree::SetBranchAddress>: unknown branch -> HLT_PAJet60_NoJetID_v1_trigObject
Error in <TTree::SetBranchAddress>: unknown branch -> HLT_PAJet80_NoJetID_v1_trigObject
Error in <TTree::SetBranchAddress>: unknown branch -> HLT_PAJet100_NoJetID_v1_trigObject
Error in <TTree::SetBranchAddress>: unknown branch -> pprimaryvertexFilter
Error in <TTree::SetBranchAddress>: unknown branch -> weight
Error in <TTree::SetBranchAddress>: unknown branch -> pprimaryvertexFilter
Error in <TTree::SetBranchAddress>: unknown branch -> phfPosFilter1
Error in <TTree::SetBranchAddress>: unknown branch -> phfNegFilter1
Error in <TTree::SetBranchAddress>: unknown branch -> HLT_PAJet20_NoJetID_v1_trigObject
Error in <TTree::SetBranchAddress>: unknown branch -> HLT_PAJet40_NoJetID_v1_trigObject
Error in <TTree::SetBranchAddress>: unknown branch -> HLT_PAJet60_NoJetID_v1_trigObject
Error in <TTree::SetBranchAddress>: unknown branch -> HLT_PAJet80_NoJetID_v1_trigObject
Error in <TTree::SetBranchAddress>: unknown branch -> HLT_PAJet100_NoJetID_v1_trigObject
Error in <TTree::SetBranchAddress>: unknown branch -> pprimaryvertexFilter
Error in <TTree::SetBranchAddress>: unknown branch -> weight
Error in <TTree::SetBranchAddress>: unknown branch -> pprimaryvertexFilter
Error in <TTree::SetBranchAddress>: unknown branch -> phfPosFilter1
Error in <TTree::SetBranchAddress>: unknown branch -> phfNegFilter1
Error in <TTree::SetBranchAddress>: unknown branch -> HLT_PAJet20_NoJetID_v1_trigObject
Error in <TTree::SetBranchAddress>: unknown branch -> HLT_PAJet40_NoJetID_v1_trigObject
Error in <TTree::SetBranchAddress>: unknown branch -> HLT_PAJet60_NoJetID_v1_trigObject
Error in <TTree::SetBranchAddress>: unknown branch -> HLT_PAJet80_NoJetID_v1_trigObject
Error in <TTree::SetBranchAddress>: unknown branch -> HLT_PAJet100_NoJetID_v1_trigObject
Error in <TTree::SetBranchAddress>: unknown branch -> pprimaryvertexFilter
Error in <TTree::SetBranchAddress>: unknown branch -> weight
Error in <TTree::SetBranchAddress>: unknown branch -> pprimaryvertexFilter
Error in <TTree::SetBranchAddress>: unknown branch -> phfPosFilter1
Error in <TTree::SetBranchAddress>: unknown branch -> phfNegFilter1
Error in <TTree::SetBranchAddress>: unknown branch -> HLT_PAJet20_NoJetID_v1_trigObject
Error in <TTree::SetBranchAddress>: unknown branch -> HLT_PAJet40_NoJetID_v1_trigObject
Error in <TTree::SetBranchAddress>: unknown branch -> HLT_PAJet60_NoJetID_v1_trigObject
Error in <TTree::SetBranchAddress>: unknown branch -> HLT_PAJet80_NoJetID_v1_trigObject
Error in <TTree::SetBranchAddress>: unknown branch -> HLT_PAJet100_NoJetID_v1_trigObject
Error in <TTree::SetBranchAddress>: unknown branch -> pprimaryvertexFilter
Error in <TTree::SetBranchAddress>: unknown branch -> weight
Error in <TTree::SetBranchAddress>: unknown branch -> pprimaryvertexFilter
Error in <TTree::SetBranchAddress>: unknown branch -> phfPosFilter1
Error in <TTree::SetBranchAddress>: unknown branch -> phfNegFilter1
Error in <TTree::SetBranchAddress>: unknown branch -> HLT_PAJet20_NoJetID_v1_trigObject
Error in <TTree::SetBranchAddress>: unknown branch -> HLT_PAJet40_NoJetID_v1_trigObject
Error in <TTree::SetBranchAddress>: unknown branch -> HLT_PAJet60_NoJetID_v1_trigObject
Error in <TTree::SetBranchAddress>: unknown branch -> HLT_PAJet80_NoJetID_v1_trigObject
Error in <TTree::SetBranchAddress>: unknown branch -> HLT_PAJet100_NoJetID_v1_trigObject
Error in <TTree::SetBranchAddress>: unknown branch -> pprimaryvertexFilter
Error in <TTree::SetBranchAddress>: unknown branch -> weight
Error in <TTree::SetBranchAddress>: unknown branch -> pprimaryvertexFilter
Error in <TTree::SetBranchAddress>: unknown branch -> phfPosFilter1
Error in <TTree::SetBranchAddress>: unknown branch -> phfNegFilter1
Error in <TTree::SetBranchAddress>: unknown branch -> HLT_PAJet20_NoJetID_v1_trigObject
Error in <TTree::SetBranchAddress>: unknown branch -> HLT_PAJet40_NoJetID_v1_trigObject
Error in <TTree::SetBranchAddress>: unknown branch -> HLT_PAJet60_NoJetID_v1_trigObject
Error in <TTree::SetBranchAddress>: unknown branch -> HLT_PAJet80_NoJetID_v1_trigObject
Error in <TTree::SetBranchAddress>: unknown branch -> HLT_PAJet100_NoJetID_v1_trigObject
Error in <TTree::SetBranchAddress>: unknown branch -> pprimaryvertexFilter
Error in <TTree::SetBranchAddress>: unknown branch -> weight
Error in <TTree::SetBranchAddress>: unknown branch -> pprimaryvertexFilter
Error in <TTree::SetBranchAddress>: unknown branch -> phfPosFilter1
Error in <TTree::SetBranchAddress>: unknown branch -> phfNegFilter1
Error in <TTree::SetBranchAddress>: unknown branch -> HLT_PAJet20_NoJetID_v1_trigObject
Error in <TTree::SetBranchAddress>: unknown branch -> HLT_PAJet40_NoJetID_v1_trigObject
Error in <TTree::SetBranchAddress>: unknown branch -> HLT_PAJet60_NoJetID_v1_trigObject
Error in <TTree::SetBranchAddress>: unknown branch -> HLT_PAJet80_NoJetID_v1_trigObject
Error in <TTree::SetBranchAddress>: unknown branch -> HLT_PAJet100_NoJetID_v1_trigObject
Error in <TTree::SetBranchAddress>: unknown branch -> pprimaryvertexFilter
Error in <TTree::SetBranchAddress>: unknown branch -> weight
Error in <TTree::SetBranchAddress>: unknown branch -> pprimaryvertexFilter
Error in <TTree::SetBranchAddress>: unknown branch -> phfPosFilter1
Error in <TTree::SetBranchAddress>: unknown branch -> phfNegFilter1
Error in <TTree::SetBranchAddress>: unknown branch -> HLT_PAJet20_NoJetID_v1_trigObject
Error in <TTree::SetBranchAddress>: unknown branch -> HLT_PAJet40_NoJetID_v1_trigObject
Error in <TTree::SetBranchAddress>: unknown branch -> HLT_PAJet60_NoJetID_v1_trigObject
Error in <TTree::SetBranchAddress>: unknown branch -> HLT_PAJet80_NoJetID_v1_trigObject
Error in <TTree::SetBranchAddress>: unknown branch -> HLT_PAJet100_NoJetID_v1_trigObject
Error in <TTree::SetBranchAddress>: unknown branch -> pprimaryvertexFilter
Error in <TTree::SetBranchAddress>: unknown branch -> weight
Error in <TTree::SetBranchAddress>: unknown branch -> pprimaryvertexFilter
Error in <TTree::SetBranchAddress>: unknown branch -> phfPosFilter1
Error in <TTree::SetBranchAddress>: unknown branch -> phfNegFilter1
Error in <TTree::SetBranchAddress>: unknown branch -> HLT_PAJet20_NoJetID_v1_trigObject
Error in <TTree::SetBranchAddress>: unknown branch -> HLT_PAJet40_NoJetID_v1_trigObject
Error in <TTree::SetBranchAddress>: unknown branch -> HLT_PAJet60_NoJetID_v1_trigObject
Error in <TTree::SetBranchAddress>: unknown branch -> HLT_PAJet80_NoJetID_v1_trigObject
Error in <TTree::SetBranchAddress>: unknown branch -> HLT_PAJet100_NoJetID_v1_trigObject
Error in <TTree::SetBranchAddress>: unknown branch -> pprimaryvertexFilter
Error in <TTree::SetBranchAddress>: unknown branch -> weight
Error in <TTree::SetBranchAddress>: unknown branch -> pprimaryvertexFilter
Error in <TTree::SetBranchAddress>: unknown branch -> phfPosFilter1
Error in <TTree::SetBranchAddress>: unknown branch -> phfNegFilter1
Error in <TTree::SetBranchAddress>: unknown branch -> HLT_PAJet20_NoJetID_v1_trigObject
Error in <TTree::SetBranchAddress>: unknown branch -> HLT_PAJet40_NoJetID_v1_trigObject
Error in <TTree::SetBranchAddress>: unknown branch -> HLT_PAJet60_NoJetID_v1_trigObject
Error in <TTree::SetBranchAddress>: unknown branch -> HLT_PAJet80_NoJetID_v1_trigObject
Error in <TTree::SetBranchAddress>: unknown branch -> HLT_PAJet100_NoJetID_v1_trigObject
Error in <TTree::SetBranchAddress>: unknown branch -> pprimaryvertexFilter
Done all jobs!
