/gpfs22/home/nih/CMSSW_5_3_8_HI_patch2/src/NewTree/Submit
/usr/spool/PBS/aux//556970.vmpsched
vmp633

Processing analyzeRpATree.C...
start working
analyze trig = Jet100
Analyzing DATA!
Error in <TTree::SetBranchAddress>: unknown branch -> pthat
Error in <TTree::SetBranchAddress>: unknown branch -> refpt
Error in <TTree::SetBranchAddress>: unknown branch -> refeta
analyzing 247001 th event
analyzing 284001 th event
analyzing 381001 th event
analyzing 440001 th event
analyzing 443001 th event
analyzing 491001 th event
analyzing 565001 th event
analyzing 624001 th event
analyzing 631001 th event
analyzing 636001 th event
analyzing 658001 th event
analyzing 671001 th event
analyzing 825001 th event
analyzing 843001 th event
analyzing 887001 th event
analyzing 891001 th event
analyzing 932001 th event
analyzing 946001 th event
analyzing 1071001 th event
analyzing 1129001 th event
analyzing 1147001 th event
analyzing 1154001 th event
analyzing 1161001 th event
analyzing 1169001 th event
analyzing 1269001 th event
analyzing 1298001 th event
analyzing 1354001 th event
analyzing 1412001 th event
analyzing 1469001 th event
analyzing 1482001 th event
analyzing 1515001 th event
analyzing 1546001 th event
analyzing 1607001 th event
analyzing 1647001 th event
analyzing 1707001 th event
analyzing 1778001 th event
analyzing 1824001 th event
analyzing 1878001 th event
analyzing 1899001 th event
analyzing 1949001 th event
analyzing 1964001 th event
analyzing 2083001 th event
analyzing 2270001 th event
analyzing 2271001 th event
analyzing 2286001 th event
analyzing 2368001 th event
analyzing 2372001 th event
analyzing 2404001 th event
analyzing 2405001 th event
analyzing 2414001 th event
analyzing 2426001 th event
analyzing 2477001 th event
analyzing 2591001 th event
analyzing 2656001 th event
analyzing 2696001 th event
analyzing 2753001 th event
analyzing 2769001 th event
analyzing 2820001 th event
analyzing 2865001 th event
analyzing 2885001 th event
analyzing 2900001 th event
analyzing 2935001 th event
analyzing 2954001 th event
analyzing 3130001 th event
analyzing 3162001 th event
analyzing 3178001 th event
analyzing 3183001 th event
analyzing 3210001 th event
analyzing 3265001 th event
analyzing 3302001 th event
analyzing 3303001 th event
analyzing 3319001 th event
analyzing 3332001 th event
analyzing 3343001 th event
analyzing 3348001 th event
analyzing 3390001 th event
analyzing 3450001 th event
analyzing 3478001 th event
analyzing 3584001 th event
analyzing 3587001 th event
analyzing 3620001 th event
analyzing 3670001 th event
analyzing 3773001 th event
analyzing 3809001 th event
analyzing 3891001 th event
analyzing 3915001 th event
analyzing 3977001 th event
analyzing 3988001 th event
analyzing 4025001 th event
analyzing 4160001 th event
analyzing 4189001 th event
analyzing 4237001 th event
analyzing 4245001 th event
analyzing 4289001 th event
analyzing 4372001 th event
analyzing 4428001 th event
analyzing 4458001 th event
analyzing 4497001 th event
analyzing 4535001 th event
analyzing 4540001 th event
analyzing 4626001 th event
analyzing 4646001 th event
analyzing 4659001 th event
analyzing 4711001 th event
analyzing 4760001 th event
analyzing 4797001 th event
analyzing 4897001 th event
analyzing 4947001 th event
analyzing 5170001 th event
analyzing 5171001 th event
analyzing 5234001 th event
analyzing 5251001 th event
analyzing 5252001 th event
analyzing 5259001 th event
analyzing 5270001 th event
analyzing 5281001 th event
analyzing 5311001 th event
analyzing 5323001 th event
analyzing 5343001 th event
analyzing 5363001 th event
analyzing 5378001 th event
analyzing 5383001 th event
analyzing 5387001 th event
analyzing 5388001 th event
analyzing 5405001 th event
analyzing 5409001 th event
analyzing 5451001 th event
analyzing 5467001 th event
analyzing 5480001 th event
analyzing 5519001 th event
analyzing 5534001 th event
analyzing 5591001 th event
analyzing 5616001 th event
analyzing 5788001 th event
analyzing 5790001 th event
analyzing 5912001 th event
analyzing 6048001 th event
analyzing 6076001 th event
analyzing 6094001 th event
analyzing 6148001 th event
analyzing 6160001 th event
analyzing 6161001 th event
analyzing 6176001 th event
analyzing 6183001 th event
analyzing 6190001 th event
analyzing 6203001 th event
analyzing 6283001 th event
analyzing 6288001 th event
analyzing 6292001 th event
analyzing 6329001 th event
analyzing 6345001 th event
analyzing 6512001 th event
analyzing 6550001 th event
analyzing 6554001 th event
analyzing 6555001 th event
analyzing 6608001 th event
analyzing 6611001 th event
analyzing 6721001 th event
analyzing 6837001 th event
analyzing 6879001 th event
analyzing 6897001 th event
analyzing 6923001 th event
analyzing 7184001 th event
analyzing 7201001 th event
analyzing 7202001 th event
analyzing 7210001 th event
analyzing 7312001 th event
analyzing 7509001 th event
analyzing 7513001 th event
analyzing 7558001 th event
analyzing 7611001 th event
analyzing 7665001 th event
analyzing 7697001 th event
analyzing 7709001 th event
analyzing 7738001 th event
analyzing 7786001 th event
analyzing 7792001 th event
analyzing 7813001 th event
analyzing 8036001 th event
analyzing 8160001 th event
analyzing 8424001 th event
analyzing 8461001 th event
analyzing 8466001 th event
analyzing 8595001 th event
analyzing 8610001 th event
analyzing 8624001 th event
analyzing 8639001 th event
analyzing 8691001 th event
analyzing 8710001 th event
analyzing 8762001 th event
analyzing 8887001 th event
analyzing 9003001 th event
analyzing 9008001 th event
analyzing 9033001 th event
analyzing 9063001 th event
analyzing 9079001 th event
analyzing 9081001 th event
analyzing 9103001 th event
analyzing 9145001 th event
analyzing 9150001 th event
analyzing 9151001 th event
analyzing 9220001 th event
analyzing 9249001 th event
analyzing 9283001 th event
analyzing 9286001 th event
analyzing 9402001 th event
analyzing 9440001 th event
analyzing 9482001 th event
analyzing 9520001 th event
analyzing 9530001 th event
analyzing 9545001 th event
analyzing 9547001 th event
analyzing 9639001 th event
analyzing 9644001 th event
analyzing 9683001 th event
analyzing 9871001 th event
analyzing 9927001 th event
analyzing 9979001 th event
analyzing 9988001 th event
analyzing 10015001 th event
analyzing 10017001 th event
analyzing 10119001 th event
analyzing 10196001 th event
analyzing 10234001 th event
analyzing 10259001 th event
analyzing 10312001 th event
analyzing 10323001 th event
analyzing 10350001 th event
analyzing 10360001 th event
analyzing 10375001 th event
analyzing 10415001 th event
analyzing 10480001 th event
analyzing 10528001 th event
analyzing 10541001 th event
analyzing 10547001 th event
analyzing 10599001 th event
analyzing 10611001 th event
analyzing 10624001 th event
analyzing 10658001 th event
analyzing 10841001 th event
analyzing 10852001 th event
analyzing 11011001 th event
analyzing 11033001 th event
analyzing 11062001 th event
analyzing 11077001 th event
analyzing 11117001 th event
analyzing 11129001 th event
analyzing 11198001 th event
analyzing 11257001 th event
analyzing 11338001 th event
analyzing 11370001 th event
analyzing 11382001 th event
analyzing 11423001 th event
analyzing 11456001 th event
analyzing 11457001 th event
analyzing 11543001 th event
analyzing 11588001 th event
analyzing 11661001 th event
analyzing 11681001 th event
analyzing 11699001 th event
analyzing 11728001 th event
analyzing 11863001 th event
analyzing 11888001 th event
analyzing 11896001 th event
analyzing 11908001 th event
analyzing 11932001 th event
analyzing 12054001 th event
analyzing 12129001 th event
analyzing 12192001 th event
analyzing 12253001 th event
analyzing 12302001 th event
analyzing 12353001 th event
analyzing 12374001 th event
analyzing 12383001 th event
analyzing 12449001 th event
analyzing 12451001 th event
analyzing 12465001 th event
analyzing 12475001 th event
analyzing 12481001 th event
analyzing 12510001 th event
analyzing 12511001 th event
analyzing 12519001 th event
analyzing 12530001 th event
analyzing 12543001 th event
analyzing 12577001 th event
analyzing 12583001 th event
analyzing 12594001 th event
analyzing 12626001 th event
analyzing 12675001 th event
analyzing 12689001 th event
analyzing 12714001 th event
analyzing 12759001 th event
analyzing 12768001 th event
analyzing 12896001 th event
analyzing 12914001 th event
analyzing 12921001 th event
analyzing 12938001 th event
analyzing 12956001 th event
analyzing 12986001 th event
analyzing 12992001 th event
analyzing 12996001 th event
analyzing 13033001 th event
analyzing 13101001 th event
analyzing 13131001 th event
analyzing 13238001 th event
analyzing 13242001 th event
analyzing 13247001 th event
analyzing 13257001 th event
analyzing 13279001 th event
analyzing 13349001 th event
analyzing 13358001 th event
analyzing 13380001 th event
analyzing 13394001 th event
analyzing 13397001 th event
analyzing 13451001 th event
analyzing 13467001 th event
analyzing 13516001 th event
analyzing 13529001 th event
analyzing 13586001 th event
analyzing 13670001 th event
analyzing 13685001 th event
analyzing 13764001 th event
analyzing 13875001 th event
analyzing 13882001 th event
analyzing 13957001 th event
analyzing 14054001 th event
analyzing 14055001 th event
analyzing 14190001 th event
analyzing 14279001 th event
analyzing 14311001 th event
analyzing 14341001 th event
analyzing 14367001 th event
analyzing 14388001 th event
analyzing 14419001 th event
analyzing 14423001 th event
analyzing 14468001 th event
analyzing 14473001 th event
analyzing 14478001 th event
analyzing 14529001 th event
analyzing 14587001 th event
analyzing 14599001 th event
analyzing 14641001 th event
analyzing 14691001 th event
analyzing 14742001 th event
analyzing 14751001 th event
analyzing 14761001 th event
analyzing 14781001 th event
analyzing 14833001 th event
analyzing 14898001 th event
analyzing 14904001 th event
analyzing 14947001 th event
analyzing 14948001 th event
analyzing 14965001 th event
analyzing 14975001 th event
analyzing 14981001 th event
analyzing 14990001 th event
analyzing 15007001 th event
analyzing 15009001 th event
analyzing 15015001 th event
analyzing 15041001 th event
analyzing 15043001 th event
analyzing 15058001 th event
analyzing 15114001 th event
analyzing 15115001 th event
analyzing 15125001 th event
analyzing 15155001 th event
analyzing 15220001 th event
analyzing 15254001 th event
analyzing 15265001 th event
analyzing 15283001 th event
analyzing 15300001 th event
analyzing 15306001 th event
analyzing 15310001 th event
analyzing 15319001 th event
analyzing 15360001 th event
analyzing 15404001 th event
analyzing 15408001 th event
analyzing 15439001 th event
analyzing 15453001 th event
analyzing 15533001 th event
analyzing 15550001 th event
analyzing 15585001 th event
analyzing 15589001 th event
analyzing 15595001 th event
analyzing 15621001 th event
analyzing 15645001 th event
analyzing 15662001 th event
analyzing 15699001 th event
Output file: DATAPPbJet100ak3PFDiJetMass.root
working done
